<?xml version="1.0" encoding="UTF-8"?>
<testsuites name="jest tests" tests="9" failures="0" errors="0" time="4.116">
  <testsuite name="testing init file" errors="0" failures="0" skipped="0" timestamp="2024-09-27T12:04:45" time="3.437" tests="3">
    <testcase classname="testing init file writing in output file" name="testing init file writing in output file" time="0.013">
    </testcase>
    <testcase classname="testing init file testing that all functions are called when initit the game" name="testing init file testing that all functions are called when initit the game" time="0.005">
    </testcase>
    <testcase classname="testing init file expect map to be initialised" name="testing init file expect map to be initialised" time="0.004">
    </testcase>
  </testsuite>
  <testsuite name="testing action file" errors="0" failures="0" skipped="0" timestamp="2024-09-27T12:04:45" time="3.418" tests="6">
    <testcase classname="testing action file execute Action to go throw all actions" name="testing action file execute Action to go throw all actions" time="0.017">
    </testcase>
    <testcase classname="testing action file get max actions" name="testing action file get max actions" time="0.002">
    </testcase>
    <testcase classname="testing action file move forward with directions" name="testing action file move forward with directions" time="0.008">
    </testcase>
    <testcase classname="testing action file should collect treasure and update number" name="testing action file should collect treasure and update number" time="0">
    </testcase>
    <testcase classname="testing action file checking new directions while turning left" name="testing action file checking new directions while turning left" time="0.001">
    </testcase>
    <testcase classname="testing action file checking new directions while turning right" name="testing action file checking new directions while turning right" time="0.001">
    </testcase>
  </testsuite>
</testsuites>